17:07:40.212 [main] INFO  - ***User selecting the location of the hospital***
17:08:22.744 [main] INFO  - ***User applying all the filters***
17:08:32.399 [main] INFO  - ***User selecting the location of the hospital***
17:13:52.759 [main] INFO  - ***User selecting the location of the hospital***
17:14:35.225 [main] INFO  - ***User applying all the filters***
17:14:45.494 [main] INFO  - ***User selecting the location of the hospital***
17:15:12.399 [main] INFO  - ****Printing the top 5 doctor details
17:33:20.562 [main] INFO  - ***Getting the surgeries List***
17:52:09.935 [main] INFO  - ***Getting the surgeries List***
19:12:55.645 [main] INFO  - ***Clicking the For-Corporates option***
19:12:58.758 [main] INFO  - ***Clicking the Health and wellness option***
19:13:02.309 [main] INFO  - ***Providing the invalid email ID***
19:13:09.145 [main] INFO  - ***Checking whether the Schedule a demo button is displayed or not***
19:13:09.181 [main] INFO  - ***Providing the valid email ID***
19:13:22.370 [main] INFO  - ***Checking the Schedule demo button***
19:13:22.407 [main] INFO  - ***Validating the Thank You message***
19:19:14.856 [main] INFO  - ***User selecting the location of the hospital***
19:19:57.455 [main] INFO  - ***User applying all the filters***
19:20:07.496 [main] INFO  - ***User selecting the location of the hospital***
19:20:34.290 [main] INFO  - ****Printing the top 5 doctor details
19:22:47.231 [main] INFO  - ***Clicking the surgeries option***
19:22:51.127 [main] INFO  - ***Clicking the surgeries option***
19:23:01.112 [main] INFO  - ***Clicking the For-Corporates option***
19:23:04.289 [main] INFO  - ***Clicking the Health and wellness option***
19:23:07.876 [main] INFO  - ***Providing the invalid email ID***
19:23:14.746 [main] INFO  - ***Checking whether the Schedule a demo button is displayed or not***
19:23:14.775 [main] INFO  - ***Providing the valid email ID***
19:23:27.954 [main] INFO  - ***Checking the Schedule demo button***
19:23:27.987 [main] INFO  - ***Validating the Thank You message***
19:30:57.545 [main] INFO  - ***User selecting the location of the hospital***
19:31:39.996 [main] INFO  - ***User applying all the filters***
19:31:50.104 [main] INFO  - ***User selecting the location of the hospital***
19:32:16.914 [main] INFO  - ****Printing the top 5 doctor details
19:34:29.572 [main] INFO  - ***Clicking the surgeries option***
19:34:33.866 [main] INFO  - ***Clicking the surgeries option***
19:34:43.888 [main] INFO  - ***Clicking the For-Corporates option***
19:34:47.020 [main] INFO  - ***Clicking the Health and wellness option***
19:34:50.114 [main] INFO  - ***Providing the invalid email ID***
19:34:56.960 [main] INFO  - ***Checking whether the Schedule a demo button is displayed or not***
19:36:37.017 [main] INFO  - ***Clicking the For-Corporates option***
19:36:40.129 [main] INFO  - ***Clicking the Health and wellness option***
19:36:43.787 [main] INFO  - ***Providing the invalid email ID***
19:36:50.550 [main] INFO  - ***Checking whether the Schedule a demo button is displayed or not***
19:48:01.279 [main] INFO  - ***Clicking the For-Corporates option***
19:48:04.403 [main] INFO  - ***Clicking the Health and wellness option***
19:48:09.337 [main] INFO  - ***Providing the invalid email ID***
19:48:16.295 [main] INFO  - ***Checking whether the Schedule a demo button is displayed or not***
19:48:16.333 [main] INFO  - ***Providing the valid email ID***
19:48:29.527 [main] INFO  - ***Checking the Schedule demo button***
19:48:29.568 [main] INFO  - ***Validating the Thank You message***
19:49:41.230 [main] INFO  - ***User selecting the location of the hospital***
19:50:23.783 [main] INFO  - ***User applying all the filters***
19:50:36.864 [main] INFO  - ***User selecting the location of the hospital***
19:51:04.126 [main] INFO  - ****Printing the top 5 doctor details
19:53:16.554 [main] INFO  - ***Clicking the surgeries option***
19:53:21.328 [main] INFO  - ***Clicking the surgeries option***
19:53:32.712 [main] INFO  - ***Clicking the For-Corporates option***
19:53:35.838 [main] INFO  - ***Clicking the Health and wellness option***
20:23:33.357 [main] INFO  - ***User selecting the location of the hospital***
20:24:12.622 [main] INFO  - ***User applying all the filters***
20:25:58.656 [main] INFO  - ***User selecting the location of the hospital***
20:26:37.926 [main] INFO  - ***User applying all the filters***
20:26:47.985 [main] INFO  - ***User selecting the location of the hospital***
20:27:14.590 [main] INFO  - ****Printing the top 5 doctor details
20:29:26.308 [main] INFO  - ***Clicking the surgeries option***
20:29:30.058 [main] INFO  - ***Clicking the surgeries option***
20:29:39.103 [main] INFO  - ***Clicking the For-Corporates option***
20:29:42.184 [main] INFO  - ***Clicking the Health and wellness option***
20:29:45.149 [main] INFO  - ***Providing the invalid email ID***
20:29:51.663 [main] INFO  - ***Checking whether the Schedule a demo button is displayed or not***
20:29:51.686 [main] INFO  - ***Providing the valid email ID***
20:30:04.818 [main] INFO  - ***Checking the Schedule demo button***
20:30:04.842 [main] INFO  - ***Validating the Thank You message***
13:55:24.312 [main] INFO  - ***Clicking the For-Corporates option***
13:55:27.403 [main] INFO  - ***Clicking the Health and wellness option***
14:05:19.021 [main] INFO  - ***Clicking the For-Corporates option***
14:05:22.099 [main] INFO  - ***Clicking the Health and wellness option***
14:08:46.689 [main] INFO  - ***Clicking the For-Corporates option***
14:08:49.766 [main] INFO  - ***Clicking the Health and wellness option***
14:09:35.547 [main] INFO  - ***User selecting the location of the hospital***
14:10:14.840 [main] INFO  - ***User applying all the filters***
14:10:26.740 [main] INFO  - ***User selecting the location of the hospital***
14:10:53.633 [main] INFO  - ****Printing the top 5 doctor details
14:13:07.823 [main] INFO  - ***Clicking the surgeries option***
14:13:12.713 [main] INFO  - ***Clicking the surgeries option***
14:13:23.973 [main] INFO  - ***Clicking the For-Corporates option***
14:13:27.046 [main] INFO  - ***Clicking the Health and wellness option***
14:16:41.272 [main] INFO  - ***Clicking the For-Corporates option***
14:16:44.402 [main] INFO  - ***Clicking the Health and wellness option***
14:16:45.984 [main] INFO  - ***Providing the invalid email ID***
14:17:11.521 [main] INFO  - ***Clicking the For-Corporates option***
14:17:14.664 [main] INFO  - ***Clicking the Health and wellness option***
14:20:33.679 [main] INFO  - ***Clicking the For-Corporates option***
14:20:36.798 [main] INFO  - ***Clicking the Health and wellness option***
14:22:21.334 [main] INFO  - ***Clicking the For-Corporates option***
14:22:24.432 [main] INFO  - ***Clicking the Health and wellness option***
14:23:48.684 [main] INFO  - ***Clicking the For-Corporates option***
14:23:51.793 [main] INFO  - ***Clicking the Health and wellness option***
14:25:25.285 [main] INFO  - ***Clicking the For-Corporates option***
14:25:28.377 [main] INFO  - ***Clicking the Health and wellness option***
14:31:22.654 [main] INFO  - ***Clicking the For-Corporates option***
14:31:25.758 [main] INFO  - ***Clicking the Health and wellness option***
14:33:15.621 [main] INFO  - ***Clicking the For-Corporates option***
14:33:18.776 [main] INFO  - ***Clicking the Health and wellness option***
14:34:53.219 [main] INFO  - ***Clicking the For-Corporates option***
14:34:56.333 [main] INFO  - ***Clicking the Health and wellness option***
14:46:19.015 [main] INFO  - ***Clicking the surgeries option***
14:46:24.907 [main] INFO  - ***Clicking the surgeries option***
17:01:50.244 [main] INFO  - ***Clicking the For-Corporates option***
17:01:53.356 [main] INFO  - ***Clicking the Health and wellness option***
17:05:42.791 [main] INFO  - ***Clicking the surgeries option***
17:05:47.412 [main] INFO  - ***Clicking the surgeries option***
17:06:24.685 [main] INFO  - ***Clicking the For-Corporates option***
17:06:27.795 [main] INFO  - ***Clicking the Health and wellness option***
17:06:37.830 [main] INFO  - ***Providing the invalid email ID***
17:06:44.887 [main] INFO  - ***Checking whether the Schedule a demo button is displayed or not***
17:06:44.914 [main] INFO  - ***Providing the valid email ID***
17:06:58.090 [main] INFO  - ***Checking the Schedule demo button***
17:06:58.130 [main] INFO  - ***Validating the Thank You message***
17:07:34.277 [main] INFO  - ***Clicking the For-Corporates option***
17:07:37.395 [main] INFO  - ***Clicking the Health and wellness option***
17:07:46.904 [main] INFO  - ***Providing the invalid email ID***
17:07:53.968 [main] INFO  - ***Checking whether the Schedule a demo button is displayed or not***
17:07:53.996 [main] INFO  - ***Providing the valid email ID***
17:08:07.162 [main] INFO  - ***Checking the Schedule demo button***
17:08:07.201 [main] INFO  - ***Validating the Thank You message***
17:08:55.410 [main] INFO  - ***Clicking the surgeries option***
17:08:59.519 [main] INFO  - ***Clicking the surgeries option***
17:09:09.536 [main] INFO  - ***Clicking the For-Corporates option***
17:09:12.640 [main] INFO  - ***Clicking the Health and wellness option***
17:10:00.632 [main] INFO  - ***User selecting the location of the hospital***
17:10:39.954 [main] INFO  - ***User applying all the filters***
17:10:51.935 [main] INFO  - ***User selecting the location of the hospital***
17:11:20.182 [main] INFO  - ****Printing the top 5 doctor details
17:13:33.639 [main] INFO  - ***Clicking the surgeries option***
17:13:37.868 [main] INFO  - ***Clicking the surgeries option***
17:13:47.752 [main] INFO  - ***Clicking the For-Corporates option***
17:13:50.874 [main] INFO  - ***Clicking the Health and wellness option***
17:14:59.848 [main] INFO  - ***Clicking the For-Corporates option***
17:15:02.943 [main] INFO  - ***Clicking the Health and wellness option***
17:15:39.895 [main] INFO  - ***Clicking the For-Corporates option***
17:15:43.033 [main] INFO  - ***Clicking the Health and wellness option***
17:16:53.689 [main] INFO  - ***Clicking the For-Corporates option***
17:16:56.799 [main] INFO  - ***Clicking the Health and wellness option***
17:47:21.568 [main] INFO  - ***Clicking the For-Corporates option***
17:47:24.646 [main] INFO  - ***Clicking the Health and wellness option***
17:49:02.054 [main] INFO  - ***Clicking the For-Corporates option***
17:49:05.156 [main] INFO  - ***Clicking the Health and wellness option***
09:54:30.515 [main] INFO  - ***Clicking the surgeries option***
09:54:34.982 [main] INFO  - ***Clicking the surgeries option***
09:55:07.199 [main] INFO  - ***Clicking the For-Corporates option***
09:55:10.303 [main] INFO  - ***Clicking the Health and wellness option***
09:56:55.232 [main] INFO  - ***Clicking the For-Corporates option***
09:56:58.327 [main] INFO  - ***Clicking the Health and wellness option***
09:58:34.245 [main] INFO  - ***Clicking the For-Corporates option***
09:58:37.327 [main] INFO  - ***Clicking the Health and wellness option***
10:03:02.501 [main] INFO  - ***Clicking the For-Corporates option***
10:03:05.604 [main] INFO  - ***Clicking the Health and wellness option***
10:03:17.079 [main] INFO  - ***Providing the invalid email ID***
10:03:24.265 [main] INFO  - ***Checking whether the Schedule a demo button is displayed or not***
10:03:24.288 [main] INFO  - ***Providing the valid email ID***
10:03:37.418 [main] INFO  - ***Checking the Schedule demo button***
10:03:37.444 [main] INFO  - ***Validating the Thank You message***
10:05:53.162 [main] INFO  - ***Clicking the For-Corporates option***
10:05:56.264 [main] INFO  - ***Clicking the Health and wellness option***
10:11:53.369 [main] INFO  - ***Clicking the For-Corporates option***
10:11:56.484 [main] INFO  - ***Clicking the Health and wellness option***
10:12:09.847 [main] INFO  - ***Providing the invalid name***
10:12:09.987 [main] INFO  - ***Checking whether the Schedule a demo button is displayed or not***
10:27:43.583 [main] INFO  - ***Clicking the For-Corporates option***
10:27:46.704 [main] INFO  - ***Clicking the Health and wellness option***
10:29:17.855 [main] INFO  - ***Clicking the For-Corporates option***
10:29:20.974 [main] INFO  - ***Clicking the Health and wellness option***
10:32:30.814 [main] INFO  - ***Clicking the For-Corporates option***
10:32:33.970 [main] INFO  - ***Clicking the Health and wellness option***
10:32:44.445 [main] INFO  - ***Checking whether the Schedule a demo button is displayed or not***
10:36:09.378 [main] INFO  - ***User selecting the location of the hospital***
10:36:48.715 [main] INFO  - ***User applying all the filters***
10:36:59.565 [main] INFO  - ***User selecting the location of the hospital***
10:37:28.371 [main] INFO  - ****Printing the top 5 doctor details
10:39:45.486 [main] INFO  - ***Clicking the For-Corporates option***
10:39:48.624 [main] INFO  - ***Clicking the Health and wellness option***
10:40:07.656 [main] INFO  - ***Checking whether the Schedule a demo button is displayed or not***
10:40:35.554 [main] INFO  - ***Clicking the For-Corporates option***
10:40:58.300 [main] INFO  - ***Clicking the surgeries option***
10:41:02.888 [main] INFO  - ***Clicking the surgeries option***
10:41:14.517 [main] INFO  - ***Clicking the For-Corporates option***
10:41:17.631 [main] INFO  - ***Clicking the Health and wellness option***
10:41:33.053 [main] INFO  - ***Providing the invalid email ID***
10:41:40.264 [main] INFO  - ***Checking whether the Schedule a demo button is displayed or not***
10:41:40.302 [main] INFO  - ***Providing the valid email ID***
10:41:53.501 [main] INFO  - ***Checking the Schedule demo button***
10:41:53.540 [main] INFO  - ***Validating the Thank You message***
10:51:32.236 [main] INFO  - ***Clicking the For-Corporates option***
10:51:35.386 [main] INFO  - ***Clicking the Health and wellness option***
10:51:47.701 [main] INFO  - ***Providing the invalid name***
10:51:47.894 [main] INFO  - ***Checking whether the Schedule a demo button is displayed or not***
10:57:09.296 [main] INFO  - ***User selecting the location of the hospital***
10:57:48.958 [main] INFO  - ***User applying all the filters***
10:58:00.860 [main] INFO  - ***User selecting the location of the hospital***
10:58:28.633 [main] INFO  - ****Printing the top 5 doctor details
11:01:11.283 [main] INFO  - ***Clicking the For-Corporates option***
11:01:14.409 [main] INFO  - ***Clicking the Health and wellness option***
11:01:28.268 [main] INFO  - ***Checking whether the Schedule a demo button is displayed or not***
11:02:04.973 [main] INFO  - ***Clicking the For-Corporates option***
11:02:08.118 [main] INFO  - ***Clicking the Health and wellness option***
11:02:21.212 [main] INFO  - ***Providing the invalid name***
11:02:21.416 [main] INFO  - ***Checking whether the Schedule a demo button is displayed or not***
11:02:58.261 [main] INFO  - ***Clicking the surgeries option***
11:03:02.879 [main] INFO  - ***Clicking the surgeries option***
11:03:40.559 [main] INFO  - ***Clicking the For-Corporates option***
11:03:43.713 [main] INFO  - ***Clicking the Health and wellness option***
11:03:53.755 [main] INFO  - ***Providing the invalid email ID***
11:04:01.080 [main] INFO  - ***Checking whether the Schedule a demo button is displayed or not***
11:04:01.134 [main] INFO  - ***Providing the valid email ID***
11:04:14.426 [main] INFO  - ***Checking the Schedule demo button***
11:04:14.486 [main] INFO  - ***Validating the Thank You message***
12:15:14.240 [main] INFO  - ***User selecting the location of the hospital***
12:15:53.658 [main] INFO  - ***User applying all the filters***
12:16:06.196 [main] INFO  - ***User selecting the location of the hospital***
12:16:33.229 [main] INFO  - ****Printing the top 5 doctor details
12:19:19.431 [main] INFO  - ***Clicking the For-Corporates option***
12:19:22.544 [main] INFO  - ***Clicking the Health and wellness option***
12:19:34.970 [main] INFO  - ***Checking whether the Schedule a demo button is displayed or not***
12:20:18.006 [main] INFO  - ***Clicking the For-Corporates option***
12:20:21.102 [main] INFO  - ***Clicking the Health and wellness option***
12:20:37.652 [main] INFO  - ***Providing the invalid name***
12:20:37.824 [main] INFO  - ***Checking whether the Schedule a demo button is displayed or not***
12:21:19.169 [main] INFO  - ***Clicking the surgeries option***
12:21:24.493 [main] INFO  - ***Clicking the surgeries option***
12:22:05.246 [main] INFO  - ***Clicking the For-Corporates option***
12:22:08.345 [main] INFO  - ***Clicking the Health and wellness option***
12:22:36.546 [main] INFO  - ***Providing the invalid email ID***
12:22:43.789 [main] INFO  - ***Checking whether the Schedule a demo button is displayed or not***
12:22:43.824 [main] INFO  - ***Providing the valid email ID***
12:22:57.026 [main] INFO  - ***Checking the Schedule demo button***
12:22:57.075 [main] INFO  - ***Validating the Thank You message***
10:26:42.362 [main] INFO  - ***User selecting the location of the hospital***
10:27:21.685 [main] INFO  - ***User applying all the filters***
10:27:41.711 [main] INFO  - ***User selecting the location of the hospital***
10:28:09.019 [main] INFO  - ****Printing the top 5 doctor details
10:30:23.901 [main] INFO  - ***Clicking the For-Corporates option***
10:30:27.047 [main] INFO  - ***Clicking the Health and wellness option***
10:30:48.556 [main] INFO  - ***Checking whether the Schedule a demo button is displayed or not***
10:30:57.826 [main] INFO  - ***Clicking the For-Corporates option***
10:31:00.925 [main] INFO  - ***Clicking the Health and wellness option***
10:31:18.096 [main] INFO  - ***Providing the invalid name***
10:31:18.210 [main] INFO  - ***Checking whether the Schedule a demo button is displayed or not***
10:31:26.710 [main] INFO  - ***Clicking the surgeries option***
10:31:31.357 [main] INFO  - ***Clicking the surgeries option***
10:31:43.590 [main] INFO  - ***Clicking the For-Corporates option***
10:31:46.704 [main] INFO  - ***Clicking the Health and wellness option***
10:32:08.933 [main] INFO  - ***Providing the invalid email ID***
10:32:15.906 [main] INFO  - ***Checking whether the Schedule a demo button is displayed or not***
10:32:15.933 [main] INFO  - ***Providing the valid email ID***
10:32:29.092 [main] INFO  - ***Checking the Schedule demo button***
10:32:29.139 [main] INFO  - ***Validating the Thank You message***
